<?xml version="1.0" encoding="UTF-8"?>
<testsuite xmlns:xsi="http://www.w3.org/2001/XMLSchema-instance" xsi:noNamespaceSchemaLocation="https://maven.apache.org/surefire/maven-surefire-plugin/xsd/surefire-test-report-3.0.xsd" version="3.0" name="org.apache.commons.mail.EmailTest" time="0.06" tests="19" errors="0" skipped="0" failures="0">
  <properties>
[...]
</properties>
  <testcase name="testGetMailSession_NoHostname" classname="org.apache.commons.mail.EmailTest" time="0.005"/>
  <testcase name="testBuildMimeMessage_Success" classname="org.apache.commons.mail.EmailTest" time="0.032"/>
  <testcase name="testAddHeader_NullKey" classname="org.apache.commons.mail.EmailTest" time="0.001"/>
  <testcase name="testAddCc_Valid" classname="org.apache.commons.mail.EmailTest" time="0.0"/>
  <testcase name="testAddReplyTo_Valid" classname="org.apache.commons.mail.EmailTest" time="0.0"/>
  <testcase name="testAddBcc_NullArray" classname="org.apache.commons.mail.EmailTest" time="0.0"/>
  <testcase name="testAddHeader_Valid" classname="org.apache.commons.mail.EmailTest" time="0.001"/>
  <testcase name="testBuildMimeMessage_MissingFrom" classname="org.apache.commons.mail.EmailTest" time="0.001"/>
  <testcase name="testSetFrom_Valid" classname="org.apache.commons.mail.EmailTest" time="0.0"/>
  <testcase name="testGetMailSession_Valid" classname="org.apache.commons.mail.EmailTest" time="0.0"/>
  <testcase name="testAddBcc_EmptyArray" classname="org.apache.commons.mail.EmailTest" time="0.001"/>
  <testcase name="testGetSocketConnectionTimeout" classname="org.apache.commons.mail.EmailTest" time="0.0"/>
  <testcase name="testAddCc_InvalidEmail" classname="org.apache.commons.mail.EmailTest" time="0.0"/>
  <testcase name="testAddBcc_Valid" classname="org.apache.commons.mail.EmailTest" time="0.001"/>
  <testcase name="testGetSentDate_DefaultAndCustom" classname="org.apache.commons.mail.EmailTest" time="0.0"/>
  <testcase name="testGetHostName_FromField" classname="org.apache.commons.mail.EmailTest" time="0.0"/>
  <testcase name="testSetFrom_Invalid" classname="org.apache.commons.mail.EmailTest" time="0.0"/>
  <testcase name="testAddReplyTo_Invalid" classname="org.apache.commons.mail.EmailTest" time="0.0"/>
  <testcase name="testAddHeader_EmptyValue" classname="org.apache.commons.mail.EmailTest" time="0.0"/>
</testsuite>